[23-Oct-2015 21:49:41 UTC] PHP Fatal error:  Call to undefined function getChildrenByInstitution() in /home/ubuntu/workspace/KidsMatter/Controladores/getInfo.php on line 15
[23-Oct-2015 21:49:41 UTC] PHP Stack trace:
[23-Oct-2015 21:49:41 UTC] PHP   1. {main}() /home/ubuntu/workspace/KidsMatter/Controladores/getInfo.php:0
[25-Oct-2015 03:58:44 UTC] PHP Warning:  mysqli_num_rows() expects parameter 1 to be mysqli_result, boolean given in /home/ubuntu/workspace/KidsMatter/Controladores/getInfo.php on line 42
[25-Oct-2015 03:58:44 UTC] PHP Stack trace:
[25-Oct-2015 03:58:44 UTC] PHP   1. {main}() /home/ubuntu/workspace/KidsMatter/Controladores/getInfo.php:0
[25-Oct-2015 03:58:44 UTC] PHP   2. getChildrenByInstitution() /home/ubuntu/workspace/KidsMatter/Controladores/getInfo.php:15
[25-Oct-2015 03:58:44 UTC] PHP   3. mysqli_num_rows() /home/ubuntu/workspace/KidsMatter/Controladores/getInfo.php:42
[25-Oct-2015 03:59:38 UTC] PHP Warning:  mysqli_num_rows() expects parameter 1 to be mysqli_result, boolean given in /home/ubuntu/workspace/KidsMatter/Controladores/getInfo.php on line 42
[25-Oct-2015 03:59:38 UTC] PHP Stack trace:
[25-Oct-2015 03:59:38 UTC] PHP   1. {main}() /home/ubuntu/workspace/KidsMatter/Controladores/getInfo.php:0
[25-Oct-2015 03:59:38 UTC] PHP   2. getChildrenByInstitution() /home/ubuntu/workspace/KidsMatter/Controladores/getInfo.php:15
[25-Oct-2015 03:59:38 UTC] PHP   3. mysqli_num_rows() /home/ubuntu/workspace/KidsMatter/Controladores/getInfo.php:42
[25-Oct-2015 04:02:25 UTC] PHP Warning:  mysqli_num_rows() expects parameter 1 to be mysqli_result, boolean given in /home/ubuntu/workspace/KidsMatter/Controladores/getInfo.php on line 42
[25-Oct-2015 04:02:25 UTC] PHP Stack trace:
[25-Oct-2015 04:02:25 UTC] PHP   1. {main}() /home/ubuntu/workspace/KidsMatter/Controladores/getInfo.php:0
[25-Oct-2015 04:02:25 UTC] PHP   2. getChildrenByInstitution() /home/ubuntu/workspace/KidsMatter/Controladores/getInfo.php:15
[25-Oct-2015 04:02:25 UTC] PHP   3. mysqli_num_rows() /home/ubuntu/workspace/KidsMatter/Controladores/getInfo.php:42
[25-Oct-2015 04:02:36 UTC] PHP Warning:  mysqli_num_rows() expects parameter 1 to be mysqli_result, boolean given in /home/ubuntu/workspace/KidsMatter/Controladores/getInfo.php on line 42
[25-Oct-2015 04:02:36 UTC] PHP Stack trace:
[25-Oct-2015 04:02:36 UTC] PHP   1. {main}() /home/ubuntu/workspace/KidsMatter/Controladores/getInfo.php:0
[25-Oct-2015 04:02:36 UTC] PHP   2. getChildrenByInstitution() /home/ubuntu/workspace/KidsMatter/Controladores/getInfo.php:15
[25-Oct-2015 04:02:36 UTC] PHP   3. mysqli_num_rows() /home/ubuntu/workspace/KidsMatter/Controladores/getInfo.php:42
[25-Oct-2015 04:05:11 UTC] PHP Warning:  mysqli_num_rows() expects parameter 1 to be mysqli_result, boolean given in /home/ubuntu/workspace/KidsMatter/Controladores/getInfo.php on line 42
[25-Oct-2015 04:05:11 UTC] PHP Stack trace:
[25-Oct-2015 04:05:11 UTC] PHP   1. {main}() /home/ubuntu/workspace/KidsMatter/Controladores/getInfo.php:0
[25-Oct-2015 04:05:11 UTC] PHP   2. getChildrenByInstitution() /home/ubuntu/workspace/KidsMatter/Controladores/getInfo.php:15
[25-Oct-2015 04:05:11 UTC] PHP   3. mysqli_num_rows() /home/ubuntu/workspace/KidsMatter/Controladores/getInfo.php:42
[25-Oct-2015 04:06:33 UTC] PHP Warning:  mysqli_num_rows() expects parameter 1 to be mysqli_result, boolean given in /home/ubuntu/workspace/KidsMatter/Controladores/getInfo.php on line 42
[25-Oct-2015 04:06:33 UTC] PHP Stack trace:
[25-Oct-2015 04:06:33 UTC] PHP   1. {main}() /home/ubuntu/workspace/KidsMatter/Controladores/getInfo.php:0
[25-Oct-2015 04:06:33 UTC] PHP   2. getChildrenByInstitution() /home/ubuntu/workspace/KidsMatter/Controladores/getInfo.php:15
[25-Oct-2015 04:06:33 UTC] PHP   3. mysqli_num_rows() /home/ubuntu/workspace/KidsMatter/Controladores/getInfo.php:42
